[19:34:27] [ServerMain/INFO]: Environment: Environment[sessionHost=https://sessionserver.mojang.com, servicesHost=https://api.minecraftservices.com, name=PROD]
[19:34:30] [ServerMain/INFO]: Loaded 1370 recipes
[19:34:30] [ServerMain/INFO]: Loaded 1481 advancements
[19:34:30] [Server thread/INFO]: Starting minecraft server version 1.21.4
[19:34:30] [Server thread/INFO]: Loading properties
[19:34:30] [Server thread/INFO]: Default game type: SURVIVAL
[19:34:30] [Server thread/INFO]: Generating keypair
[19:34:31] [Server thread/INFO]: Starting Minecraft server on *:25565
[19:34:31] [Server thread/INFO]: Using epoll channel type
[19:34:31] [Server thread/INFO]: Preparing level "world"
[19:34:31] [Server thread/INFO]: Preparing start region for dimension minecraft:overworld
[19:34:34] [Worker-Main-3/INFO]: Preparing spawn area: 0%
[19:34:34] [Worker-Main-3/INFO]: Preparing spawn area: 0%
[19:34:34] [Worker-Main-3/INFO]: Preparing spawn area: 0%
[19:34:34] [Worker-Main-3/INFO]: Preparing spawn area: 0%
[19:34:34] [Worker-Main-3/INFO]: Preparing spawn area: 0%
[19:34:34] [Worker-Main-3/INFO]: Preparing spawn area: 0%
[19:34:34] [Worker-Main-3/INFO]: Preparing spawn area: 0%
[19:34:35] [Server thread/INFO]: Time elapsed: 3402 ms
[19:34:35] [Server thread/INFO]: Done (3.775s)! For help, type "help"
[19:34:39] [User Authenticator #1/INFO]: UUID of player NoUR_455 is bd6daee0-4acb-46d3-9981-e7a6a0d344e6
[19:34:39] [Server thread/INFO]: NoUR_455[/10.147.20.7:57725] logged in with entity id 6 at (-4433.349042842388, 70.0, -973.3089109476315)
[19:34:39] [Server thread/INFO]: NoUR_455 joined the game
[19:35:53] [User Authenticator #2/INFO]: UUID of player DellaSneeNinn is bf0c020e-0217-4569-92b7-8aece620105f
[19:35:54] [Server thread/INFO]: DellaSneeNinn[/10.147.20.221:49809] logged in with entity id 688 at (-387.34850665299024, 68.41999998688698, 391.46002384235646)
[19:35:54] [Server thread/INFO]: DellaSneeNinn joined the game
[19:35:57] [Server thread/WARN]: UUID of added entity already exists: cha['Bee'/1101, l='ServerLevel[world]', x=-373.88, y=69.00, z=143.89]
[19:36:02] [Server thread/INFO]: DellaSneeNinn suffocated in a wall
[19:36:07] [User Authenticator #3/INFO]: UUID of player Yamen9z is 6279238b-041a-4ca2-acde-669be7d696eb
[19:36:07] [Server thread/INFO]: Yamen9z[/10.147.20.81:61374] logged in with entity id 1410 at (-623.412705592318, -27.0, 426.0001424502659)
[19:36:07] [Server thread/INFO]: Yamen9z joined the game
[19:36:25] [Server thread/INFO]: Yamen9z lost connection: Disconnected
[19:36:25] [Server thread/INFO]: Yamen9z left the game
[19:38:12] [Server thread/INFO]: <NoUR_455> x'-4500 z' -970
[19:38:30] [User Authenticator #4/INFO]: UUID of player Yamen9z is 6279238b-041a-4ca2-acde-669be7d696eb
[19:38:31] [Server thread/INFO]: Yamen9z[/10.147.20.81:61639] logged in with entity id 3458 at (-628.5411080129381, -35.8444782470569, 430.3478241710727)
[19:38:31] [Server thread/INFO]: Yamen9z joined the game
[19:39:33] [Server thread/INFO]: DellaSneeNinn lost connection: Disconnected
[19:39:33] [Server thread/INFO]: DellaSneeNinn left the game
[19:39:41] [Server thread/INFO]: Yamen9z lost connection: Disconnected
[19:39:41] [Server thread/INFO]: Yamen9z left the game
[19:39:52] [User Authenticator #5/INFO]: UUID of player Yamen9z is 6279238b-041a-4ca2-acde-669be7d696eb
[19:39:53] [Server thread/INFO]: Yamen9z[/10.147.20.81:61780] logged in with entity id 4651 at (-644.6944429562675, -1.0, 423.0619214051078)
[19:39:53] [Server thread/INFO]: Yamen9z joined the game
[19:40:16] [User Authenticator #6/INFO]: UUID of player DellaSneeNinn is bf0c020e-0217-4569-92b7-8aece620105f
[19:40:16] [Server thread/INFO]: DellaSneeNinn[/10.147.20.221:50099] logged in with entity id 5383 at (64.49957333001909, 74.0, 237.6786104499812)
[19:40:16] [Server thread/INFO]: DellaSneeNinn joined the game
[19:41:30] [Server thread/INFO]: Yamen9z has made the advancement [Not Today, Thank You]
[19:42:07] [Server thread/INFO]: DellaSneeNinn has made the advancement [Best Friends Forever]
[19:42:41] [User Authenticator #7/INFO]: UUID of player LEON_445 is 82823dcb-cf4c-4186-9988-e9e4d1adbfc9
[19:42:41] [Server thread/INFO]: LEON_445[/10.147.20.36:60686] logged in with entity id 8204 at (-793.6815360092793, 11.5625, 491.5016281477412)
[19:42:41] [Server thread/INFO]: LEON_445 joined the game
[19:50:28] [Server thread/INFO]: DellaSneeNinn lost connection: Disconnected
[19:50:28] [Server thread/INFO]: DellaSneeNinn left the game
[19:50:30] [Server thread/INFO]: Yamen9z lost connection: Disconnected
[19:50:30] [Server thread/INFO]: Yamen9z left the game
[19:50:33] [Server thread/INFO]: <LEON_445> sleeep
[19:50:44] [User Authenticator #8/INFO]: UUID of player Yamen9z is 6279238b-041a-4ca2-acde-669be7d696eb
[19:50:44] [Server thread/INFO]: Yamen9z[/10.147.20.81:62512] logged in with entity id 16222 at (-725.9871243710288, 119.0, 387.19142603235053)
[19:50:44] [Server thread/INFO]: Yamen9z joined the game
[19:50:45] [User Authenticator #9/INFO]: UUID of player DellaSneeNinn is bf0c020e-0217-4569-92b7-8aece620105f
[19:50:46] [Server thread/INFO]: DellaSneeNinn[/10.147.20.221:50663] logged in with entity id 16409 at (-383.3997383394433, 62.11076431274414, 519.7472897029692)
[19:50:46] [Server thread/INFO]: DellaSneeNinn joined the game
[20:00:03] [Server thread/INFO]: NoUR_455 has made the advancement [The Parrots and the Bats]
[20:03:59] [Server thread/WARN]: NoUR_455 moved too quickly! -0.8943594849761212,-3.5,9.344004783034393
